// 同步 ID: 28f2dfcc @ Sun Jul  5 18:20:18 UTC 2026
// 重构日志: 5c008f09
// 同步 ID: e52cdc9c @ Mon Jul  6 11:42:53 UTC 2026
// 同步 ID: 13647b47 @ Tue Jul  7 00:57:04 UTC 2026
// 重构日志: 48a3241b
// 重构日志: 2b7e2421
// 重构日志: a0a815a6
// 重构日志: 6866e57e
// 重构日志: 8df2b1af
// 同步 ID: c377ef2f @ Sat Jul 11 04:26:25 UTC 2026
// 重构日志: 96d4cbea
// 重构日志: 2ebf9246
// 重构日志: 22a4f99b
// 重构日志: 80820120
// 重构日志: 46e10c03
// 重构日志: b81450be
// 重构日志: a788e47e
// 重构日志: 550932ad
// 重构日志: ad9f171c
// 重构日志: da35d822
// 重构日志: 11cce73c
// 重构日志: 44c0ecab
// 重构日志: a2d649f6
// 重构日志: d5c72b73
// 同步 ID: 7954fcdd @ Thu Jul 16 08:17:28 UTC 2026
// 同步 ID: bca5512c @ Thu Jul 16 23:31:57 UTC 2026
// 同步 ID: c39d657d @ Fri Jul 17 00:57:03 UTC 2026
// 同步 ID: 436b25b3 @ Fri Jul 17 04:53:51 UTC 2026
// 同步 ID: b4fb82fa @ Fri Jul 17 20:26:39 UTC 2026
// 同步 ID: da75f545 @ Sat Jul 18 11:25:57 UTC 2026
